<?xml version="1.0" encoding="UTF-8"?>
<coverage generated="1718926249290" clover="3.2.0">
  <project timestamp="1718926249290" name="All files">
    <metrics statements="3" coveredstatements="0" conditionals="0" coveredconditionals="0" methods="2" coveredmethods="0" elements="5" coveredelements="0" complexity="0" loc="3" ncloc="3" packages="1" files="1" classes="1"/>
    <file name="utils.ts" path="C:\Users\felip\Documentos_Felipe\Tecsus (API 5º)\tecsus_backend\test\unit\test-utils\utils.ts">
      <metrics statements="3" coveredstatements="0" conditionals="0" coveredconditionals="0" methods="2" coveredmethods="0"/>
      <line num="7" count="0" type="stmt"/>
      <line num="8" count="0" type="stmt"/>
      <line num="9" count="0" type="stmt"/>
    </file>
  </project>
</coverage>
