{"C:\\Users\\felip\\Documentos_Felipe\\Tecsus (API 5º)\\tecsus_backend\\test\\unit\\test-utils\\utils.ts": {"path":"C:\\Users\\felip\\Documentos_Felipe\\Tecsus (API 5º)\\tecsus_backend\\test\\unit\\test-utils\\utils.ts","statementMap":{"0":{"start":{"line":7,"column":13},"end":{"line":12,"column":2}},"1":{"start":{"line":8,"column":9},"end":{"line":11,"column":4}},"2":{"start":{"line":9,"column":33},"end":{"line":9,"column":39}}},"fnMap":{"0":{"name":"(anonymous_0)","decl":{"start":{"line":8,"column":2},"end":{"line":8,"column":5}},"loc":{"start":{"line":8,"column":9},"end":{"line":11,"column":4}}},"1":{"name":"(anonymous_1)","decl":{"start":{"line":9,"column":21},"end":{"line":9,"column":22}},"loc":{"start":{"line":9,"column":33},"end":{"line":9,"column":39}}}},"branchMap":{},"s":{"0":0,"1":0,"2":0},"f":{"0":0,"1":0},"b":{}}
}
